<?xml version="1.0" encoding="UTF-8"?>
<!-- Generated by org.testng.reporters.JUnitReportReporter -->
<testsuite hostname="Edgars-Mac-mini.local" failures="0" tests="1" name="test.com.itexps.CreateProfileTest" time="67.960" errors="0" timestamp="23 Sep 2024 19:32:22 GMT">
  <testcase classname="test.com.itexps.CreateProfileTest" name="testCreateProfileTestCase" time="67.960"/>
</testsuite> <!-- test.com.itexps.CreateProfileTest -->
