<?xml version="1.0" encoding="UTF-8"?>
<!-- Generated by org.testng.reporters.JUnitReportReporter -->
<testsuite hostname="Eric" failures="0" tests="1" name="test.com.ScrollBarTest" time="9.714" errors="0" timestamp="23 Sep 2024 19:44:42 GMT">
  <testcase classname="test.com.ScrollBarTest" name="testScroll" time="9.714"/>
</testsuite> <!-- test.com.ScrollBarTest -->
