<?xml version="1.0" encoding="UTF-8"?>
<!-- Generated by org.testng.reporters.JUnitReportReporter -->
<testsuite hostname="DESKTOP-ALEB1IN" failures="0" tests="1" name="test.com.itexps.ZipLocatorTest" time="9.739" errors="0" timestamp="22 Sep 2024 05:40:31 GMT">
  <testcase classname="test.com.itexps.ZipLocatorTest" name="testZipLocatorTestCase" time="9.739"/>
</testsuite> <!-- test.com.itexps.ZipLocatorTest -->
