<?xml version="1.0" encoding="UTF-8"?>
<!-- Generated by org.testng.reporters.JUnitReportReporter -->
<testsuite hostname="Edgars-Mac-mini.local" failures="0" tests="1" name="test.com.itexps.CreateProfileTest" time="48.893" errors="0" timestamp="24 Sep 2024 17:16:49 GMT">
  <testcase classname="test.com.itexps.CreateProfileTest" name="testCreateProfileTestCase" time="48.893"/>
</testsuite> <!-- test.com.itexps.CreateProfileTest -->
