<?xml version="1.0" encoding="UTF-8"?>
<!-- Generated by org.testng.reporters.JUnitReportReporter -->
<testsuite hostname="DESKTOP-ALEB1IN" failures="0" tests="1" name="test.com.itexps.LoginTest" time="13.860" errors="0" timestamp="25 Sep 2024 16:22:39 GMT">
  <testcase classname="test.com.itexps.LoginTest" name="testLoginTestCase" time="13.860"/>
</testsuite> <!-- test.com.itexps.LoginTest -->
