<?xml version="1.0" encoding="UTF-8"?>
<!-- Generated by org.testng.reporters.JUnitReportReporter -->
<testsuite hostname="DESKTOP-ALEB1IN" failures="0" tests="1" name="test.com.itexps.FindStoreTest" time="6.493" errors="0" timestamp="22 Sep 2024 05:38:55 GMT">
  <testcase classname="test.com.itexps.FindStoreTest" name="testFindStoreTestCase" time="6.493"/>
</testsuite> <!-- test.com.itexps.FindStoreTest -->
