<?xml version="1.0" encoding="UTF-8"?>
<!-- Generated by org.testng.reporters.JUnitReportReporter -->
<testsuite hostname="DESKTOP-ALEB1IN" failures="0" tests="1" name="test.com.itexps.myIkeaMouseTest" time="6.645" errors="0" timestamp="25 Sep 2024 16:22:39 GMT">
  <testcase classname="test.com.itexps.myIkeaMouseTest" name="testMouseHoverTestCase" time="6.645"/>
</testsuite> <!-- test.com.itexps.myIkeaMouseTest -->
