<?xml version="1.0" encoding="UTF-8"?>
<!-- Generated by org.testng.reporters.JUnitReportReporter -->
<testsuite hostname="DESKTOP-ALEB1IN" failures="0" tests="1" name="test.com.itexps.CreateProfileTest" time="25.156" errors="0" timestamp="25 Sep 2024 16:22:39 GMT">
  <testcase classname="test.com.itexps.CreateProfileTest" name="testCreateProfileTest" time="25.156"/>
</testsuite> <!-- test.com.itexps.CreateProfileTest -->
